<?xml version="1.0" encoding="UTF-8"?>
<testsuite xmlns:xsi="http://www.w3.org/2001/XMLSchema-instance" xsi:noNamespaceSchemaLocation="https://maven.apache.org/surefire/maven-surefire-plugin/xsd/surefire-test-report.xsd" name="org.example.service.DocumentServiceTest" time="0.46" tests="4" errors="0" skipped="0" failures="0">
  <properties/>
  <testcase name="uploadDocumentShouldWork" classname="org.example.service.DocumentServiceTest" time="0.024"/>
  <testcase name="retrieveDocumentShouldWork" classname="org.example.service.DocumentServiceTest" time="0.003"/>
  <testcase name="retrieveDocumentShouldThrowException" classname="org.example.service.DocumentServiceTest" time="0.002"/>
  <testcase name="uploadDocumentShouldThrowException" classname="org.example.service.DocumentServiceTest" time="0.001"/>
</testsuite>