<?xml version="1.0" encoding="UTF-8"?>
<testsuite xmlns:xsi="http://www.w3.org/2001/XMLSchema-instance" xsi:noNamespaceSchemaLocation="https://maven.apache.org/surefire/maven-surefire-plugin/xsd/surefire-test-report.xsd" name="org.example.service.ProfileServiceTest" time="0.019" tests="2" errors="0" skipped="0" failures="0">
  <properties/>
  <testcase name="createProfileShouldWork" classname="org.example.service.ProfileServiceTest" time="0.001"/>
  <testcase name="uploadDocumentShouldThrowException" classname="org.example.service.ProfileServiceTest" time="0"/>
</testsuite>